#
# A fatal error has been detected by the Java Runtime Environment:
#
#  EXCEPTION_ACCESS_VIOLATION (0xc0000005) at pc=0x6a6b0dea, pid=27312, tid=27392
#
# JRE version: 7.0_13-b20
# Java VM: Java HotSpot(TM) Client VM (23.7-b01 mixed mode, sharing windows-x86 )
# Problematic frame:
# C  [awt.dll+0x70dea]  Java_sun_awt_windows_WComponentPeer_setZOrder+0x112d
#
# Failed to write core dump. Minidumps are not enabled by default on client versions of Windows
#
# If you would like to submit a bug report, please visit:
#   http://bugreport.sun.com/bugreport/crash.jsp
# The crash happened outside the Java Virtual Machine in native code.
# See problematic frame for where to report the bug.
#

---------------  T H R E A D  ---------------

Current thread (0x03dea400):  JavaThread "AWT-Windows" daemon [_thread_in_native, id=27392, stack(0x04040000,0x04090000)]

siginfo: ExceptionCode=0xc0000005, reading address 0x00720009

Registers:
EAX=0x03dfc45c, EBX=0x00007103, ECX=0x03dfc45c, EDX=0x00720001
ESP=0x0408f0c4, EBP=0x0408f128, ESI=0x017fc098, EDI=0x0000010e
EIP=0x6a6b0dea, EFLAGS=0x00010206

Top of Stack: (sp=0x0408f0c4)
0x0408f0c4:   6a6b2800 00007103 00000000 00000000
0x0408f0d4:   c4c6c037 00000112 017fc098 00007103
0x0408f0e4:   03dea400 03dea528 017fc0f0 017fc260
0x0408f0f4:   00000000 00000001 00000001 00000000
0x0408f104:   00000000 0056e5b8 0408f128 76276746
0x0408f114:   0056e5b8 c4c6c037 0408f190 6a6f26bd
0x0408f124:   00000001 0408f14c 6a6d287c 00000111
0x0408f134:   00007103 00000000 0408f218 017fc098 

Instructions: (pc=0x6a6b0dea)
0x6a6b0dca:   24 08 00 75 20 ff 74 24 04 b9 d8 b1 73 6a e8 13
0x6a6b0dda:   d0 01 00 85 c0 75 05 6a 02 58 eb 28 8b 10 8b c8
0x6a6b0dea:   ff 52 08 eb f2 ff 74 24 08 e8 55 f1 ff ff 59 85
0x6a6b0dfa:   c0 74 0e ff 74 24 0c 8b 10 8b c8 ff 92 4c 01 00 


Register to memory mapping:

EAX=0x03dfc45c is an unknown value
EBX=0x00007103 is an unknown value
ECX=0x03dfc45c is an unknown value
EDX=0x00720001 is an unknown value
ESP=0x0408f0c4 is pointing into the stack for thread: 0x03dea400
EBP=0x0408f128 is pointing into the stack for thread: 0x03dea400
ESI=0x017fc098 is an unknown value
EDI=0x0000010e is an unknown value


Stack: [0x04040000,0x04090000],  sp=0x0408f0c4,  free space=316k
Native frames: (J=compiled Java code, j=interpreted, Vv=VM code, C=native code)
C  [awt.dll+0x70dea]  Java_sun_awt_windows_WComponentPeer_setZOrder+0x112d
C  [awt.dll+0x9287c]  Java_sun_awt_windows_WToolkit_init+0x14ac
C  [awt.dll+0x7b41a]  Java_sun_awt_windows_WFontMetrics_charsWidth+0x790
C  [awt.dll+0x6fff7]  Java_sun_awt_windows_WComponentPeer_setZOrder+0x33a
C  [USER32.dll+0x186ef]  IsThreadDesktopComposited+0x11f
C  [USER32.dll+0x18876]  IsThreadDesktopComposited+0x2a6
C  [USER32.dll+0x143cf]  WindowFromDC+0xeb
C  [USER32.dll+0x143f5]  CallWindowProcW+0x1b
C  [awt.dll+0xaf513]  Java_sun_awt_windows_ThemeReader_isGetThemeTransitionDurationDefined+0xcb
C  [COMCTL32.dll+0x3463d]  DefSubclassProc+0x92
C  [COMCTL32.dll+0x346e1]  DefSubclassProc+0x136
C  [USER32.dll+0x186ef]  IsThreadDesktopComposited+0x11f
C  [USER32.dll+0x18876]  IsThreadDesktopComposited+0x2a6
C  [USER32.dll+0x170f4]  InflateRect+0x74
C  [USER32.dll+0x1738f]  DefWindowProcW+0x144
C  [ntdll.dll+0x4642e]  KiUserCallbackDispatcher+0x2e
C  [USER32.dll+0x192a9]  PeekMessageW+0xf4

Java frames: (J=compiled Java code, j=interpreted, Vv=VM code)
j  sun.awt.windows.WToolkit.eventLoop()V+0
j  sun.awt.windows.WToolkit.run()V+49
j  java.lang.Thread.run()V+11
v  ~StubRoutines::call_stub

---------------  P R O C E S S  ---------------

Java Threads: ( => current thread )
  0x03f08400 JavaThread "Swing-Shell" daemon [_thread_blocked, id=27460, stack(0x060e0000,0x06130000)]
  0x03eae000 JavaThread "TimerQueue" daemon [_thread_blocked, id=27428, stack(0x04790000,0x047e0000)]
  0x0125a400 JavaThread "DestroyJavaVM" [_thread_blocked, id=27344, stack(0x01610000,0x01660000)]
  0x03deb400 JavaThread "AWT-EventQueue-0" [_thread_blocked, id=27396, stack(0x041d0000,0x04220000)]
=>0x03dea400 JavaThread "AWT-Windows" daemon [_thread_in_native, id=27392, stack(0x04040000,0x04090000)]
  0x03de9800 JavaThread "AWT-Shutdown" [_thread_blocked, id=27388, stack(0x03c70000,0x03cc0000)]
  0x03de6c00 JavaThread "Java2D Disposer" daemon [_thread_blocked, id=27384, stack(0x03ac0000,0x03b10000)]
  0x0180f400 JavaThread "Service Thread" daemon [_thread_blocked, id=27372, stack(0x03d00000,0x03d50000)]
  0x0180d400 JavaThread "C1 CompilerThread0" daemon [_thread_blocked, id=27368, stack(0x038b0000,0x03900000)]
  0x0180c000 JavaThread "Attach Listener" daemon [_thread_blocked, id=27364, stack(0x03a70000,0x03ac0000)]
  0x01809000 JavaThread "Signal Dispatcher" daemon [_thread_blocked, id=27360, stack(0x03930000,0x03980000)]
  0x017f6400 JavaThread "Finalizer" daemon [_thread_blocked, id=27356, stack(0x03b40000,0x03b90000)]
  0x017f4400 JavaThread "Reference Handler" daemon [_thread_blocked, id=27352, stack(0x039c0000,0x03a10000)]

Other Threads:
  0x017f3000 VMThread [stack: 0x03a20000,0x03a70000] [id=27348]
  0x01822000 WatcherThread [stack: 0x03d90000,0x03de0000] [id=27376]

VM state:not at safepoint (normal execution)

VM Mutex/Monitor currently owned by a thread: None

Heap
 def new generation   total 4928K, used 2287K [0x23c00000, 0x24150000, 0x29150000)
  eden space 4416K,  41% used [0x23c00000, 0x23dcc590, 0x24050000)
  from space 512K,  87% used [0x240d0000, 0x2413f760, 0x24150000)
  to   space 512K,   0% used [0x24050000, 0x24050000, 0x240d0000)
 tenured generation   total 10944K, used 10901K [0x29150000, 0x29c00000, 0x33c00000)
   the space 10944K,  99% used [0x29150000, 0x29bf54f0, 0x29bf5600, 0x29c00000)
 compacting perm gen  total 12288K, used 1641K [0x33c00000, 0x34800000, 0x37c00000)
   the space 12288K,  13% used [0x33c00000, 0x33d9a618, 0x33d9a800, 0x34800000)
    ro space 10240K,  45% used [0x37c00000, 0x38086fa8, 0x38087000, 0x38600000)
    rw space 12288K,  54% used [0x38600000, 0x38c8a9a0, 0x38c8aa00, 0x39200000)

Card table byte_map: [0x01660000,0x01710000] byte_map_base: 0x01542000

Polling page: 0x00290000

Code Cache  [0x01850000, 0x019b0000, 0x03850000)
 total_blobs=856 nmethods=639 adapters=151 free_code_cache=31361Kb largest_free_block=32114048

Compilation events (10 events):
Event: 79.993 Thread 0x0180d400  635             javax.swing.plaf.metal.MetalBorders$ButtonBorder::getBorderInsets (10 bytes)
Event: 79.994 Thread 0x0180d400 nmethod 635 0x019aed88 code [0x019aee80, 0x019aef20]
Event: 81.073 Thread 0x0180d400  636             java.util.HashMap$ValueIterator::next (8 bytes)
Event: 81.073 Thread 0x0180d400 nmethod 636 0x019aef88 code [0x019af090, 0x019af12c]
Event: 81.073 Thread 0x0180d400  637             javax.swing.AbstractButton::getIcon (5 bytes)
Event: 81.073 Thread 0x0180d400 nmethod 637 0x019af1c8 code [0x019af2c0, 0x019af340]
Event: 81.465 Thread 0x0180d400  638   !         java.awt.Container::isParentOf (49 bytes)
Event: 81.465 Thread 0x0180d400 nmethod 638 0x019af388 code [0x019af4a0, 0x019af71c]
Event: 81.466 Thread 0x0180d400  639             javax.swing.GroupLayout$AutoPreferredGapSpring::calculateMaximumSize (25 bytes)
Event: 81.466 Thread 0x0180d400 nmethod 639 0x019af808 code [0x019af910, 0x019af9ec]

GC Heap History (10 events):
Event: 17.045 GC heap before
{Heap before GC invocations=0 (full 0):
 def new generation   total 4928K, used 4070K [0x23c00000, 0x24150000, 0x29150000)
  eden space 4416K,  92% used [0x23c00000, 0x23ff98e0, 0x24050000)
  from space 512K,   0% used [0x24050000, 0x24050000, 0x240d0000)
  to   space 512K,   0% used [0x240d0000, 0x240d0000, 0x24150000)
 tenured generation   total 10944K, used 0K [0x29150000, 0x29c00000, 0x33c00000)
   the space 10944K,   0% used [0x29150000, 0x29150000, 0x29150200, 0x29c00000)
 compacting perm gen  total 12288K, used 1011K [0x33c00000, 0x34800000, 0x37c00000)
   the space 12288K,   8% used [0x33c00000, 0x33cfcd58, 0x33cfce00, 0x34800000)
    ro space 10240K,  45% used [0x37c00000, 0x38086fa8, 0x38087000, 0x38600000)
    rw space 12288K,  54% used [0x38600000, 0x38c8a9a0, 0x38c8aa00, 0x39200000)
Event: 17.053 GC heap after
Heap after GC invocations=1 (full 0):
 def new generation   total 4928K, used 512K [0x23c00000, 0x24150000, 0x29150000)
  eden space 4416K,   0% used [0x23c00000, 0x23c00000, 0x24050000)
  from space 512K, 100% used [0x240d0000, 0x24150000, 0x24150000)
  to   space 512K,   0% used [0x24050000, 0x24050000, 0x240d0000)
 tenured generation   total 10944K, used 1521K [0x29150000, 0x29c00000, 0x33c00000)
   the space 10944K,  13% used [0x29150000, 0x292cc710, 0x292cc800, 0x29c00000)
 compacting perm gen  total 12288K, used 1011K [0x33c00000, 0x34800000, 0x37c00000)
   the space 12288K,   8% used [0x33c00000, 0x33cfcd58, 0x33cfce00, 0x34800000)
    ro space 10240K,  45% used [0x37c00000, 0x38086fa8, 0x38087000, 0x38600000)
    rw space 12288K,  54% used [0x38600000, 0x38c8a9a0, 0x38c8aa00, 0x39200000)
}
Event: 24.281 GC heap before
{Heap before GC invocations=1 (full 0):
 def new generation   total 4928K, used 4583K [0x23c00000, 0x24150000, 0x29150000)
  eden space 4416K,  92% used [0x23c00000, 0x23ff9f78, 0x24050000)
  from space 512K, 100% used [0x240d0000, 0x24150000, 0x24150000)
  to   space 512K,   0% used [0x24050000, 0x24050000, 0x240d0000)
 tenured generation   total 10944K, used 1521K [0x29150000, 0x29c00000, 0x33c00000)
   the space 10944K,  13% used [0x29150000, 0x292cc710, 0x292cc800, 0x29c00000)
 compacting perm gen  total 12288K, used 1587K [0x33c00000, 0x34800000, 0x37c00000)
   the space 12288K,  12% used [0x33c00000, 0x33d8cfa8, 0x33d8d000, 0x34800000)
    ro space 10240K,  45% used [0x37c00000, 0x38086fa8, 0x38087000, 0x38600000)
    rw space 12288K,  54% used [0x38600000, 0x38c8a9a0, 0x38c8aa00, 0x39200000)
Event: 24.286 GC heap after
Heap after GC invocations=2 (full 0):
 def new generation   total 4928K, used 370K [0x23c00000, 0x24150000, 0x29150000)
  eden space 4416K,   0% used [0x23c00000, 0x23c00000, 0x24050000)
  from space 512K,  72% used [0x24050000, 0x240acbb0, 0x240d0000)
  to   space 512K,   0% used [0x240d0000, 0x240d0000, 0x24150000)
 tenured generation   total 10944K, used 2918K [0x29150000, 0x29c00000, 0x33c00000)
   the space 10944K,  26% used [0x29150000, 0x294299e0, 0x29429a00, 0x29c00000)
 compacting perm gen  total 12288K, used 1587K [0x33c00000, 0x34800000, 0x37c00000)
   the space 12288K,  12% used [0x33c00000, 0x33d8cfa8, 0x33d8d000, 0x34800000)
    ro space 10240K,  45% used [0x37c00000, 0x38086fa8, 0x38087000, 0x38600000)
    rw space 12288K,  54% used [0x38600000, 0x38c8a9a0, 0x38c8aa00, 0x39200000)
}
Event: 50.203 GC heap before
{Heap before GC invocations=2 (full 0):
 def new generation   total 4928K, used 4640K [0x23c00000, 0x24150000, 0x29150000)
  eden space 4416K,  96% used [0x23c00000, 0x2402b7e8, 0x24050000)
  from space 512K,  72% used [0x24050000, 0x240acbb0, 0x240d0000)
  to   space 512K,   0% used [0x240d0000, 0x240d0000, 0x24150000)
 tenured generation   total 10944K, used 2918K [0x29150000, 0x29c00000, 0x33c00000)
   the space 10944K,  26% used [0x29150000, 0x294299e0, 0x29429a00, 0x29c00000)
 compacting perm gen  total 12288K, used 1608K [0x33c00000, 0x34800000, 0x37c00000)
   the space 12288K,  13% used [0x33c00000, 0x33d922b0, 0x33d92400, 0x34800000)
    ro space 10240K,  45% used [0x37c00000, 0x38086fa8, 0x38087000, 0x38600000)
    rw space 12288K,  54% used [0x38600000, 0x38c8a9a0, 0x38c8aa00, 0x39200000)
Event: 50.208 GC heap after
Heap after GC invocations=3 (full 0):
 def new generation   total 4928K, used 192K [0x23c00000, 0x24150000, 0x29150000)
  eden space 4416K,   0% used [0x23c00000, 0x23c00000, 0x24050000)
  from space 512K,  37% used [0x240d0000, 0x24100368, 0x24150000)
  to   space 512K,   0% used [0x24050000, 0x24050000, 0x240d0000)
 tenured generation   total 10944K, used 5436K [0x29150000, 0x29c00000, 0x33c00000)
   the space 10944K,  49% used [0x29150000, 0x2969f180, 0x2969f200, 0x29c00000)
 compacting perm gen  total 12288K, used 1608K [0x33c00000, 0x34800000, 0x37c00000)
   the space 12288K,  13% used [0x33c00000, 0x33d922b0, 0x33d92400, 0x34800000)
    ro space 10240K,  45% used [0x37c00000, 0x38086fa8, 0x38087000, 0x38600000)
    rw space 12288K,  54% used [0x38600000, 0x38c8a9a0, 0x38c8aa00, 0x39200000)
}
Event: 60.590 GC heap before
{Heap before GC invocations=3 (full 0):
 def new generation   total 4928K, used 4497K [0x23c00000, 0x24150000, 0x29150000)
  eden space 4416K,  97% used [0x23c00000, 0x240342c0, 0x24050000)
  from space 512K,  37% used [0x240d0000, 0x24100368, 0x24150000)
  to   space 512K,   0% used [0x24050000, 0x24050000, 0x240d0000)
 tenured generation   total 10944K, used 5436K [0x29150000, 0x29c00000, 0x33c00000)
   the space 10944K,  49% used [0x29150000, 0x2969f180, 0x2969f200, 0x29c00000)
 compacting perm gen  total 12288K, used 1626K [0x33c00000, 0x34800000, 0x37c00000)
   the space 12288K,  13% used [0x33c00000, 0x33d96958, 0x33d96a00, 0x34800000)
    ro space 10240K,  45% used [0x37c00000, 0x38086fa8, 0x38087000, 0x38600000)
    rw space 12288K,  54% used [0x38600000, 0x38c8a9a0, 0x38c8aa00, 0x39200000)
Event: 60.593 GC heap after
Heap after GC invocations=4 (full 0):
 def new generation   total 4928K, used 419K [0x23c00000, 0x24150000, 0x29150000)
  eden space 4416K,   0% used [0x23c00000, 0x23c00000, 0x24050000)
  from space 512K,  81% used [0x24050000, 0x240b8f58, 0x240d0000)
  to   space 512K,   0% used [0x240d0000, 0x240d0000, 0x24150000)
 tenured generation   total 10944K, used 8079K [0x29150000, 0x29c00000, 0x33c00000)
   the space 10944K,  73% used [0x29150000, 0x29933d68, 0x29933e00, 0x29c00000)
 compacting perm gen  total 12288K, used 1626K [0x33c00000, 0x34800000, 0x37c00000)
   the space 12288K,  13% used [0x33c00000, 0x33d96958, 0x33d96a00, 0x34800000)
    ro space 10240K,  45% used [0x37c00000, 0x38086fa8, 0x38087000, 0x38600000)
    rw space 12288K,  54% used [0x38600000, 0x38c8a9a0, 0x38c8aa00, 0x39200000)
}
Event: 71.336 GC heap before
{Heap before GC invocations=4 (full 0):
 def new generation   total 4928K, used 4816K [0x23c00000, 0x24150000, 0x29150000)
  eden space 4416K,  99% used [0x23c00000, 0x2404b330, 0x24050000)
  from space 512K,  81% used [0x24050000, 0x240b8f58, 0x240d0000)
  to   space 512K,   0% used [0x240d0000, 0x240d0000, 0x24150000)
 tenured generation   total 10944K, used 8079K [0x29150000, 0x29c00000, 0x33c00000)
   the space 10944K,  73% used [0x29150000, 0x29933d68, 0x29933e00, 0x29c00000)
 compacting perm gen  total 12288K, used 1641K [0x33c00000, 0x34800000, 0x37c00000)
   the space 12288K,  13% used [0x33c00000, 0x33d9a568, 0x33d9a600, 0x34800000)
    ro space 10240K,  45% used [0x37c00000, 0x38086fa8, 0x38087000, 0x38600000)
    rw space 12288K,  54% used [0x38600000, 0x38c8a9a0, 0x38c8aa00, 0x39200000)
Event: 71.339 GC heap after
Heap after GC invocations=5 (full 0):
 def new generation   total 4928K, used 445K [0x23c00000, 0x24150000, 0x29150000)
  eden space 4416K,   0% used [0x23c00000, 0x23c00000, 0x24050000)
  from space 512K,  87% used [0x240d0000, 0x2413f760, 0x24150000)
  to   space 512K,   0% used [0x24050000, 0x24050000, 0x240d0000)
 tenured generation   total 10944K, used 10901K [0x29150000, 0x29c00000, 0x33c00000)
   the space 10944K,  99% used [0x29150000, 0x29bf54f0, 0x29bf5600, 0x29c00000)
 compacting perm gen  total 12288K, used 1641K [0x33c00000, 0x34800000, 0x37c00000)
   the space 12288K,  13% used [0x33c00000, 0x33d9a568, 0x33d9a600, 0x34800000)
    ro space 10240K,  45% used [0x37c00000, 0x38086fa8, 0x38087000, 0x38600000)
    rw space 12288K,  54% used [0x38600000, 0x38c8a9a0, 0x38c8aa00, 0x39200000)
}

Deoptimization events (0 events):
No events

Internal exceptions (10 events):
Event: 37.265 Thread 0x03deb400 Threw 0x23cfe2a8 at C:\jdk7u2_32P\jdk7u13_2932_new\hotspot\src\share\vm\prims\jvm.cpp:1166
Event: 37.265 Thread 0x03deb400 Threw 0x23cff718 at C:\jdk7u2_32P\jdk7u13_2932_new\hotspot\src\share\vm\prims\jvm.cpp:1166
Event: 57.650 Thread 0x03deb400 Threw 0x23eaac48 at C:\jdk7u2_32P\jdk7u13_2932_new\hotspot\src\share\vm\prims\jvm.cpp:1166
Event: 57.655 Thread 0x03deb400 Threw 0x23ec3db0 at C:\jdk7u2_32P\jdk7u13_2932_new\hotspot\src\share\vm\prims\jvm.cpp:1166
Event: 57.655 Thread 0x03deb400 Threw 0x23ec52b8 at C:\jdk7u2_32P\jdk7u13_2932_new\hotspot\src\share\vm\prims\jvm.cpp:1166
Event: 57.656 Thread 0x03deb400 Threw 0x23ec6778 at C:\jdk7u2_32P\jdk7u13_2932_new\hotspot\src\share\vm\prims\jvm.cpp:1166
Event: 71.257 Thread 0x03deb400 Threw 0x2401e510 at C:\jdk7u2_32P\jdk7u13_2932_new\hotspot\src\share\vm\prims\jvm.cpp:1166
Event: 71.261 Thread 0x03deb400 Threw 0x240385d8 at C:\jdk7u2_32P\jdk7u13_2932_new\hotspot\src\share\vm\prims\jvm.cpp:1166
Event: 71.261 Thread 0x03deb400 Threw 0x24039a88 at C:\jdk7u2_32P\jdk7u13_2932_new\hotspot\src\share\vm\prims\jvm.cpp:1166
Event: 71.262 Thread 0x03deb400 Threw 0x2403ae98 at C:\jdk7u2_32P\jdk7u13_2932_new\hotspot\src\share\vm\prims\jvm.cpp:1166

Events (10 events):
Event: 71.340 Executing VM operation: RevokeBias
Event: 71.340 Executing VM operation: RevokeBias done
Event: 71.340 Executing VM operation: RevokeBias
Event: 71.340 Executing VM operation: RevokeBias done
Event: 71.340 Executing VM operation: RevokeBias
Event: 71.340 Executing VM operation: RevokeBias done
Event: 71.349 Executing VM operation: BulkRevokeBias
Event: 71.349 Executing VM operation: BulkRevokeBias done
Event: 71.943 Executing VM operation: BulkRevokeBias
Event: 71.943 Executing VM operation: BulkRevokeBias done


Dynamic libraries:
0x01300000 - 0x0132f000 	C:\Program Files\Java\jdk1.7.0_13\jre\bin\java.exe
0x77bf0000 - 0x77d2c000 	C:\Windows\SYSTEM32\ntdll.dll
0x76140000 - 0x76214000 	C:\Windows\system32\kernel32.dll
0x75f00000 - 0x75f4a000 	C:\Windows\system32\KERNELBASE.dll
0x777b0000 - 0x77850000 	C:\Windows\system32\ADVAPI32.dll
0x76530000 - 0x765dc000 	C:\Windows\system32\msvcrt.dll
0x765e0000 - 0x765f9000 	C:\Windows\SYSTEM32\sechost.dll
0x76330000 - 0x763d1000 	C:\Windows\system32\RPCRT4.dll
0x76260000 - 0x76329000 	C:\Windows\system32\USER32.dll
0x76760000 - 0x767ae000 	C:\Windows\system32\GDI32.dll
0x77b50000 - 0x77b5a000 	C:\Windows\system32\LPK.dll
0x77910000 - 0x779ad000 	C:\Windows\system32\USP10.dll
0x74ab0000 - 0x74c4e000 	C:\Windows\WinSxS\x86_microsoft.windows.common-controls_6595b64144ccf1df_6.0.7600.16385_none_421189da2b7fabfc\COMCTL32.dll
0x77dc0000 - 0x77e17000 	C:\Windows\system32\SHLWAPI.dll
0x77da0000 - 0x77dbf000 	C:\Windows\system32\IMM32.DLL
0x767b0000 - 0x7687c000 	C:\Windows\system32\MSCTF.dll
0x6f990000 - 0x6fa4e000 	C:\Program Files\Java\jdk1.7.0_13\jre\bin\msvcr100.dll
0x64110000 - 0x6445d000 	C:\Program Files\Java\jdk1.7.0_13\jre\bin\client\jvm.dll
0x70930000 - 0x70937000 	C:\Windows\system32\WSOCK32.dll
0x76220000 - 0x76255000 	C:\Windows\system32\WS2_32.dll
0x76520000 - 0x76526000 	C:\Windows\system32\NSI.dll
0x71030000 - 0x71062000 	C:\Windows\system32\WINMM.dll
0x76950000 - 0x76955000 	C:\Windows\system32\PSAPI.DLL
0x74500000 - 0x7450c000 	C:\Program Files\Java\jdk1.7.0_13\jre\bin\verify.dll
0x70670000 - 0x70690000 	C:\Program Files\Java\jdk1.7.0_13\jre\bin\java.dll
0x70650000 - 0x70663000 	C:\Program Files\Java\jdk1.7.0_13\jre\bin\zip.dll
0x6a640000 - 0x6a782000 	C:\Program Files\Java\jdk1.7.0_13\jre\bin\awt.dll
0x77b60000 - 0x77bef000 	C:\Windows\system32\OLEAUT32.dll
0x76600000 - 0x7675c000 	C:\Windows\system32\ole32.dll
0x74a30000 - 0x74a70000 	C:\Windows\system32\uxtheme.dll
0x74740000 - 0x74753000 	C:\Windows\system32\dwmapi.dll
0x75c90000 - 0x75c9c000 	C:\Windows\system32\CRYPTBASE.dll
0x76960000 - 0x775a9000 	C:\Windows\system32\SHELL32.dll
0x6fae0000 - 0x6fb0a000 	C:\Program Files\Java\jdk1.7.0_13\jre\bin\fontmanager.dll
0x77850000 - 0x778d3000 	C:\Windows\system32\CLBCatQ.DLL
0x74610000 - 0x7470b000 	C:\Windows\system32\WindowsCodecs.dll
0x75c40000 - 0x75c8b000 	C:\Windows\system32\apphelp.dll
0x72520000 - 0x72551000 	C:\Windows\system32\EhStorShell.dll
0x779b0000 - 0x77b4d000 	C:\Windows\system32\SETUPAPI.dll
0x75f50000 - 0x75f77000 	C:\Windows\system32\CFGMGR32.dll
0x75ee0000 - 0x75ef2000 	C:\Windows\system32\DEVOBJ.dll
0x74d50000 - 0x74e45000 	C:\Windows\system32\PROPSYS.dll
0x661c0000 - 0x663dd000 	C:\PROGRA~1\MICROS~2\Office12\GR469A~1.DLL
0x68ef0000 - 0x68fe1000 	C:\PROGRA~1\MICROS~2\Office12\GrooveUtil.DLL
0x76040000 - 0x76134000 	C:\Windows\system32\WININET.dll
0x77d30000 - 0x77d33000 	C:\Windows\system32\Normaliz.dll
0x763e0000 - 0x76515000 	C:\Windows\system32\urlmon.dll
0x75dc0000 - 0x75edc000 	C:\Windows\system32\CRYPT32.dll
0x75db0000 - 0x75dbc000 	C:\Windows\system32\MSASN1.dll
0x775b0000 - 0x777a9000 	C:\Windows\system32\iertutil.dll
0x72040000 - 0x720db000 	C:\Windows\WinSxS\x86_microsoft.vc80.crt_1fc8b3b9a1e18e3b_8.0.50727.4927_none_d08a205e442db5b5\MSVCR80.dll
0x68ff0000 - 0x68ff7000 	C:\PROGRA~1\MICROS~2\Office12\GrooveNew.DLL
0x75240000 - 0x75249000 	C:\Windows\system32\VERSION.dll
0x72020000 - 0x7203b000 	C:\Windows\WinSxS\x86_microsoft.vc80.atl_1fc8b3b9a1e18e3b_8.0.50727.762_none_11ecb0ab9b2caf3c\ATL80.DLL
0x757c0000 - 0x757d6000 	C:\Windows\system32\CRYPTSP.dll
0x75560000 - 0x7559b000 	C:\Windows\system32\rsaenh.dll
0x72010000 - 0x72015000 	C:\Windows\system32\MSImg32.dll
0x71fa0000 - 0x7200f000 	C:\Windows\system32\ntshrui.dll
0x759d0000 - 0x759e9000 	C:\Windows\system32\srvcli.dll
0x71f90000 - 0x71f9b000 	C:\Windows\system32\cscapi.dll
0x74150000 - 0x7415a000 	C:\Windows\system32\slc.dll
0x70630000 - 0x70644000 	C:\Program Files\Java\jdk1.7.0_13\jre\bin\net.dll
0x75780000 - 0x757bc000 	C:\Windows\system32\mswsock.dll
0x75770000 - 0x75776000 	C:\Windows\System32\wship6.dll
0x70920000 - 0x7092e000 	C:\Program Files\Java\jdk1.7.0_13\jre\bin\nio.dll
0x6faa0000 - 0x6fad1000 	C:\Program Files\Java\jdk1.7.0_13\jre\bin\t2k.dll
0x75f80000 - 0x76004000 	C:\Windows\WinSxS\x86_microsoft.windows.common-controls_6595b64144ccf1df_5.82.7600.16385_none_ebf82fc36c758ad5\comctl32.dll
0x74280000 - 0x742a1000 	C:\Windows\system32\ntmarta.dll
0x76900000 - 0x76945000 	C:\Windows\system32\WLDAP32.dll
0x70200000 - 0x70398000 	C:\Windows\system32\NetworkExplorer.dll
0x71e80000 - 0x71eae000 	C:\Windows\System32\shdocvw.dll
0x75d40000 - 0x75d4b000 	C:\Windows\system32\profapi.dll
0x73fe0000 - 0x73ff2000 	C:\Windows\system32\MPR.dll
0x75110000 - 0x75118000 	C:\Windows\System32\drprov.dll
0x75d00000 - 0x75d29000 	C:\Windows\System32\WINSTA.dll
0x706b0000 - 0x706c4000 	C:\Windows\System32\ntlanman.dll
0x703a0000 - 0x703b6000 	C:\Windows\System32\davclnt.dll
0x70560000 - 0x70568000 	C:\Windows\System32\DAVHLPR.dll
0x744c0000 - 0x744cf000 	C:\Windows\system32\wkscli.dll
0x744d0000 - 0x744d9000 	C:\Windows\system32\netutils.dll
0x6ab90000 - 0x6adc8000 	C:\Windows\system32\wpdshext.dll
0x748a0000 - 0x74a30000 	C:\Windows\WinSxS\x86_microsoft.windows.gdiplus_6595b64144ccf1df_1.1.7600.16385_none_72fc7cbf861225ca\gdiplus.dll
0x70570000 - 0x705f9000 	C:\Windows\system32\PortableDeviceApi.dll
0x76010000 - 0x7603d000 	C:\Windows\system32\WINTRUST.dll
0x73950000 - 0x7397b000 	C:\Windows\system32\PortableDeviceTypes.dll
0x6fc90000 - 0x6fccf000 	C:\Windows\system32\audiodev.dll
0x6c120000 - 0x6c387000 	C:\Windows\system32\WMVCore.DLL
0x6f510000 - 0x6f54d000 	C:\Windows\system32\WMASF.DLL
0x6ff60000 - 0x6ff82000 	C:\Windows\system32\EhStorAPI.dll
0x71e70000 - 0x71e79000 	C:\Windows\system32\LINKINFO.dll
0x6bd20000 - 0x6be0b000 	C:\Windows\system32\dbghelp.dll

VM Arguments:
jvm_args: -Dfile.encoding=Cp1252 
java_command: AudioEncryption
Launcher Type: SUN_STANDARD

Environment Variables:
PATH=C:\Program Files\PC Connectivity Solution\;C:\Windows\system32;C:\Windows;C:\Windows\System32\Wbem;C:\Windows\System32\WindowsPowerShell\v1.0\;C:\Program Files\Java\jdk1.7.0_13
USERNAME=hcl
OS=Windows_NT
PROCESSOR_IDENTIFIER=x86 Family 6 Model 42 Stepping 7, GenuineIntel



---------------  S Y S T E M  ---------------

OS: Windows 7 Build 7600 

CPU:total 2 (2 cores per cpu, 1 threads per core) family 6 model 42 stepping 7, cmov, cx8, fxsr, mmx, sse, sse2, sse3, ssse3, sse4.1, sse4.2, popcnt, tsc, tscinvbit

Memory: 4k page, physical 1989056k(908768k free), swap 3978112k(2829728k free)

vm_info: Java HotSpot(TM) Client VM (23.7-b01) for windows-x86 JRE (1.7.0_13-b20), built on Jan 30 2013 10:03:58 by "java_re" with unknown MS VC++:1600

time: Sun Mar 09 20:27:41 2014
elapsed time: 422 seconds

